APICloudModuleSDK/moduleDemo/build/outputs/logs/manifest-merger-debug-report.txt
-- Merging decision tree log ---
manifest
ADDED from src\main\AndroidManifest.xml:1:1-145:12
INJECTED from src\main\AndroidManifest.xml:1:1-145:12
INJECTED from src\main\AndroidManifest.xml:1:1-145:12
INJECTED from src\main\AndroidManifest.xml:1:1-145:12
INJECTED from src\main\AndroidManifest.xml:1:1-145:12
INJECTED from src\main\AndroidManifest.xml:1:1-145:12
INJECTED from src\main\AndroidManifest.xml:1:1-145:12
	package
		ADDED from src\main\AndroidManifest.xml:3:5-42
		INJECTED from src\main\AndroidManifest.xml
		INJECTED from src\main\AndroidManifest.xml
	android:versionName
		INJECTED from src\main\AndroidManifest.xml
		ADDED from src\main\AndroidManifest.xml:1:1-145:12
		INJECTED from src\main\AndroidManifest.xml
	android:versionCode
		INJECTED from src\main\AndroidManifest.xml
		ADDED from src\main\AndroidManifest.xml:1:1-145:12
		INJECTED from src\main\AndroidManifest.xml
	xmlns:android
		ADDED from src\main\AndroidManifest.xml:1:11-69
uses-permission#android.permission.VIBRATE
ADDED from src\main\AndroidManifest.xml:5:5-66
	android:name
		ADDED from src\main\AndroidManifest.xml:5:22-63
application
ADDED from src\main\AndroidManifest.xml:7:5-143:19
	android:supportsRtl
		ADDED from src\main\AndroidManifest.xml:9:9-35
	android:label
		ADDED from src\main\AndroidManifest.xml:8:9-41
	android:allowBackup
		ADDED from src\main\AndroidManifest.xml:7:18-44
	android:theme
		ADDED from src\main\AndroidManifest.xml:10:9-40
activity#com.apicloud.moduleDemo.MainActivity
ADDED from src\main\AndroidManifest.xml:11:9-15:15
	android:screenOrientation
		ADDED from src\main\AndroidManifest.xml:13:13-49
	android:launchMode
		ADDED from src\main\AndroidManifest.xml:14:13-44
	android:name
		ADDED from src\main\AndroidManifest.xml:12:13-64
activity#com.apicloud.moduleDemo.MyMessageActivity
ADDED from src\main\AndroidManifest.xml:17:9-20:51
	android:screenOrientation
		ADDED from src\main\AndroidManifest.xml:20:13-49
	android:theme
		ADDED from src\main\AndroidManifest.xml:19:13-69
	android:name
		ADDED from src\main\AndroidManifest.xml:18:13-69
activity#com.apicloud.moduleDemo.MyRewardActivity
ADDED from src\main\AndroidManifest.xml:22:9-25:51
	android:screenOrientation
		ADDED from src\main\AndroidManifest.xml:25:13-49
	android:theme
		ADDED from src\main\AndroidManifest.xml:24:13-69
	android:name
		ADDED from src\main\AndroidManifest.xml:23:13-68
activity#com.apicloud.moduleDemo.MyJoinInActivity
ADDED from src\main\AndroidManifest.xml:27:9-30:51
	android:screenOrientation
		ADDED from src\main\AndroidManifest.xml:30:13-49
	android:theme
		ADDED from src\main\AndroidManifest.xml:29:13-69
	android:name
		ADDED from src\main\AndroidManifest.xml:28:13-68
activity#com.apicloud.moduleDemo.MoneyMakingHallActivity
ADDED from src\main\AndroidManifest.xml:32:9-35:51
	android:screenOrientation
		ADDED from src\main\AndroidManifest.xml:35:13-49
	android:theme
		ADDED from src\main\AndroidManifest.xml:34:13-69
	android:name
		ADDED from src\main\AndroidManifest.xml:33:13-75
activity#com.apicloud.moduleDemo.BusinessActivity
ADDED from src\main\AndroidManifest.xml:37:9-40:51
	android:screenOrientation
		ADDED from src\main\AndroidManifest.xml:40:13-49
	android:theme
		ADDED from src\main\AndroidManifest.xml:39:13-69
	android:name
		ADDED from src\main\AndroidManifest.xml:38:13-68
activity#com.apicloud.moduleDemo.InformationActivity
ADDED from src\main\AndroidManifest.xml:42:9-45:51
	android:screenOrientation
		ADDED from src\main\AndroidManifest.xml:45:13-49
	android:theme
		ADDED from src\main\AndroidManifest.xml:44:13-69
	android:name
		ADDED from src\main\AndroidManifest.xml:43:13-71
activity#com.apicloud.moduleDemo.ReleaseRenovationActivity
ADDED from src\main\AndroidManifest.xml:48:9-51:51
	android:screenOrientation
		ADDED from src\main\AndroidManifest.xml:51:13-49
	android:theme
		ADDED from src\main\AndroidManifest.xml:50:13-69
	android:name
		ADDED from src\main\AndroidManifest.xml:49:13-77
activity#com.apicloud.moduleDemo.ReleaseBuildingActivity
ADDED from src\main\AndroidManifest.xml:54:9-57:51
	android:screenOrientation
		ADDED from src\main\AndroidManifest.xml:57:13-49
	android:theme
		ADDED from src\main\AndroidManifest.xml:56:13-69
	android:name
		ADDED from src\main\AndroidManifest.xml:55:13-75
activity#com.apicloud.moduleDemo.ReleaseReduceWeightActivity
ADDED from src\main\AndroidManifest.xml:60:9-63:51
	android:screenOrientation
		ADDED from src\main\AndroidManifest.xml:63:13-49
	android:theme
		ADDED from src\main\AndroidManifest.xml:62:13-69
	android:name
		ADDED from src\main\AndroidManifest.xml:61:13-79
activity#com.apicloud.moduleDemo.ReleaseSmokingActivity
ADDED from src\main\AndroidManifest.xml:66:9-69:51
	android:screenOrientation
		ADDED from src\main\AndroidManifest.xml:69:13-49
	android:theme
		ADDED from src\main\AndroidManifest.xml:68:13-69
	android:name
		ADDED from src\main\AndroidManifest.xml:67:13-74
activity#com.apicloud.moduleDemo.ReleaseDrinkingActivity
ADDED from src\main\AndroidManifest.xml:71:9-74:51
	android:screenOrientation
		ADDED from src\main\AndroidManifest.xml:74:13-49
	android:theme
		ADDED from src\main\AndroidManifest.xml:73:13-69
	android:name
		ADDED from src\main\AndroidManifest.xml:72:13-75
activity#com.apicloud.moduleDemo.ReleaseGiveUpGamblingActivity
ADDED from src\main\AndroidManifest.xml:76:9-79:51
	android:screenOrientation
		ADDED from src\main\AndroidManifest.xml:79:13-49
	android:theme
		ADDED from src\main\AndroidManifest.xml:78:13-69
	android:name
		ADDED from src\main\AndroidManifest.xml:77:13-81
activity#com.apicloud.moduleDemo.DetailsActivity
ADDED from src\main\AndroidManifest.xml:82:9-85:51
	android:screenOrientation
		ADDED from src\main\AndroidManifest.xml:85:13-49
	android:theme
		ADDED from src\main\AndroidManifest.xml:84:13-69
	android:name
		ADDED from src\main\AndroidManifest.xml:83:13-67
activity#com.apicloud.moduleDemo.CommentActivity
ADDED from src\main\AndroidManifest.xml:88:9-91:51
	android:screenOrientation
		ADDED from src\main\AndroidManifest.xml:91:13-49
	android:theme
		ADDED from src\main\AndroidManifest.xml:90:13-69
	android:name
		ADDED from src\main\AndroidManifest.xml:89:13-67
activity#com.apicloud.moduleDemo.RecommentActivity
ADDED from src\main\AndroidManifest.xml:94:9-97:51
	android:screenOrientation
		ADDED from src\main\AndroidManifest.xml:97:13-49
	android:theme
		ADDED from src\main\AndroidManifest.xml:96:13-69
	android:name
		ADDED from src\main\AndroidManifest.xml:95:13-69
activity#com.apicloud.moduleDemo.PaymentActivity
ADDED from src\main\AndroidManifest.xml:100:9-103:51
	android:screenOrientation
		ADDED from src\main\AndroidManifest.xml:103:13-49
	android:theme
		ADDED from src\main\AndroidManifest.xml:102:13-69
	android:name
		ADDED from src\main\AndroidManifest.xml:101:13-67
activity#com.apicloud.moduleDemo.OrderPaymentActivity
ADDED from src\main\AndroidManifest.xml:105:9-108:51
	android:screenOrientation
		ADDED from src\main\AndroidManifest.xml:108:13-49
	android:theme
		ADDED from src\main\AndroidManifest.xml:107:13-69
	android:name
		ADDED from src\main\AndroidManifest.xml:106:13-72
activity#com.apicloud.moduleDemo.EntrepreneurshipActivity
ADDED from src\main\AndroidManifest.xml:111:9-114:51
	android:screenOrientation
		ADDED from src\main\AndroidManifest.xml:114:13-49
	android:theme
		ADDED from src\main\AndroidManifest.xml:113:13-69
	android:name
		ADDED from src\main\AndroidManifest.xml:112:13-76
activity#com.apicloud.moduleDemo.EntrepreneurshipDetailsActivity
ADDED from src\main\AndroidManifest.xml:117:9-120:51
	android:screenOrientation
		ADDED from src\main\AndroidManifest.xml:120:13-49
	android:theme
		ADDED from src\main\AndroidManifest.xml:119:13-69
	android:name
		ADDED from src\main\AndroidManifest.xml:118:13-83
activity#com.apicloud.moduleDemo.ApplyEntrepreneurshipActivity
ADDED from src\main\AndroidManifest.xml:123:9-126:51
	android:screenOrientation
		ADDED from src\main\AndroidManifest.xml:126:13-49
	android:theme
		ADDED from src\main\AndroidManifest.xml:125:13-69
	android:name
		ADDED from src\main\AndroidManifest.xml:124:13-81
activity#com.apicloud.moduleDemo.FindCompanyActivity
ADDED from src\main\AndroidManifest.xml:129:9-132:51
	android:screenOrientation
		ADDED from src\main\AndroidManifest.xml:132:13-49
	android:theme
		ADDED from src\main\AndroidManifest.xml:131:13-69
	android:name
		ADDED from src\main\AndroidManifest.xml:130:13-71
activity#cn.finalteam.rxgalleryfinal.ui.activity.MediaActivity
ADDED from src\main\AndroidManifest.xml:135:9-138:39
	android:exported
		ADDED from src\main\AndroidManifest.xml:138:13-36
	android:theme
		ADDED from src\main\AndroidManifest.xml:137:13-69
	android:name
		ADDED from src\main\AndroidManifest.xml:136:13-81
activity#com.yalantis.ucrop.UCropActivity
ADDED from src\main\AndroidManifest.xml:139:9-142:52
	android:screenOrientation
		ADDED from src\main\AndroidManifest.xml:142:13-49
	android:theme
		ADDED from src\main\AndroidManifest.xml:141:13-69
	android:name
		ADDED from src\main\AndroidManifest.xml:140:13-60
uses-sdk
INJECTED from src\main\AndroidManifest.xml reason: use-sdk injection requested
INJECTED from src\main\AndroidManifest.xml
INJECTED from src\main\AndroidManifest.xml
INJECTED from src\main\AndroidManifest.xml
INJECTED from src\main\AndroidManifest.xml
	android:targetSdkVersion
		INJECTED from src\main\AndroidManifest.xml
		ADDED from src\main\AndroidManifest.xml
		INJECTED from src\main\AndroidManifest.xml
	android:minSdkVersion
		INJECTED from src\main\AndroidManifest.xml
		ADDED from src\main\AndroidManifest.xml
		INJECTED from src\main\AndroidManifest.xml